#
# There is insufficient memory for the Java Runtime Environment to continue.
# Native memory allocation (mmap) failed to map 125829120 bytes for G1 virtual space
# Possible reasons:
#   The system is out of physical RAM or swap space
#   The process is running with CompressedOops enabled, and the Java Heap may be blocking the growth of the native heap
# Possible solutions:
#   Reduce memory load on the system
#   Increase physical memory or swap space
#   Check if swap backing store is full
#   Decrease Java heap size (-Xmx/-Xms)
#   Decrease number of Java threads
#   Decrease Java thread stack sizes (-Xss)
#   Set larger code cache with -XX:ReservedCodeCacheSize=
#   JVM is running with Unscaled Compressed Oops mode in which the Java heap is
#     placed in the first 4GB address space. The Java Heap base address is the
#     maximum limit for the native heap growth. Please use -XX:HeapBaseMinAddress
#     to set the Java Heap base and to place the Java Heap above 4GB virtual address.
# This output file may be truncated or incomplete.
#
#  Out of Memory Error (os_windows.cpp:3617), pid=2484, tid=27728
#
# JRE version:  (17.0.8+7) (build )
# Java VM: OpenJDK 64-Bit Server VM (17.0.8+7, mixed mode, sharing, tiered, compressed oops, compressed class ptrs, g1 gc, windows-amd64)
# No core dump will be written. Minidumps are not enabled by default on client versions of Windows
#

---------------  S U M M A R Y ------------

Command Line: -Dfile.encoding=UTF-8 --module-path=C:\Users\juani\git\Project 2\bin -XX:+ShowCodeDetailsInExceptionMessages -Djdk.module.main=Project1 Project1/consola.EmpresaAlquilerVehiculos

Host: AMD Ryzen 5 4600H with Radeon Graphics         , 12 cores, 7G,  Windows 11 , 64 bit Build 22621 (10.0.22621.2428)
Time: Fri Nov 10 16:06:00 2023 SA Pacific Standard Time elapsed time: 0.012699 seconds (0d 0h 0m 0s)

---------------  T H R E A D  ---------------

Current thread (0x0000023b7d03dfa0):  JavaThread "Unknown thread" [_thread_in_vm, id=27728, stack(0x000000460b300000,0x000000460b400000)]

Stack: [0x000000460b300000,0x000000460b400000]
Native frames: (J=compiled Java code, j=interpreted, Vv=VM code, C=native code)
V  [jvm.dll+0x678b0a]
V  [jvm.dll+0x835e84]
V  [jvm.dll+0x83762e]
V  [jvm.dll+0x837c93]
V  [jvm.dll+0x24746f]
V  [jvm.dll+0x675859]
V  [jvm.dll+0x66a0ea]
V  [jvm.dll+0x306c7b]
V  [jvm.dll+0x30e166]
V  [jvm.dll+0x35dd3e]
V  [jvm.dll+0x35df6f]
V  [jvm.dll+0x2ddb48]
V  [jvm.dll+0x2deab4]
V  [jvm.dll+0x807f31]
V  [jvm.dll+0x36bb21]
V  [jvm.dll+0x7e733c]
V  [jvm.dll+0x3ee4af]
V  [jvm.dll+0x3f00c1]
C  [jli.dll+0x528b]
C  [ucrtbase.dll+0x29363]
C  [KERNEL32.DLL+0x1257d]
C  [ntdll.dll+0x5aa78]


---------------  P R O C E S S  ---------------

Threads class SMR info:
_java_thread_list=0x00007ffb2608a018, length=0, elements={
}

Java Threads: ( => current thread )

Other Threads:
  0x0000023b7d2cd140 GCTaskThread "GC Thread#0" [stack: 0x000000460b400000,0x000000460b500000] [id=25020]
  0x0000023b7d2dce10 ConcurrentGCThread "G1 Main Marker" [stack: 0x000000460b500000,0x000000460b600000] [id=1044]
  0x0000023b7d2ddfd0 ConcurrentGCThread "G1 Conc#0" [stack: 0x000000460b600000,0x000000460b700000] [id=25756]

[error occurred during error reporting (printing all threads), id 0xc0000005, EXCEPTION_ACCESS_VIOLATION (0xc0000005) at pc=0x00007ffb2585e587]

VM state: not at safepoint (not fully initialized)

VM Mutex/Monitor currently owned by a thread:  ([mutex/lock_event])
[0x0000023b7d25fec0] Heap_lock - owner thread: 0x0000023b7d03dfa0

Heap address: 0x0000000089400000, size: 1900 MB, Compressed Oops mode: 32-bit

CDS archive(s) mapped at: [0x0000000000000000-0x0000000000000000-0x0000000000000000), size 0, SharedBaseAddress: 0x0000000800000000, ArchiveRelocationMode: 1.
Narrow klass base: 0x0000000000000000, Narrow klass shift: 0, Narrow klass range: 0x0

GC Precious Log:
<Empty>

Heap:
 garbage-first heap   total 0K, used 0K [0x0000000089400000, 0x0000000100000000)
  region size 1024K, 0 young (0K), 0 survivors (0K)

[error occurred during error reporting (printing heap information), id 0xc0000005, EXCEPTION_ACCESS_VIOLATION (0xc0000005) at pc=0x00007ffb25c42699]

GC Heap History (0 events):
No events

Dll operation events (1 events):
Event: 0.007 Loaded shared library C:\Users\juani\.p2\pool\plugins\org.eclipse.justj.openjdk.hotspot.jre.full.win32.x86_64_17.0.8.v20230801-1951\jre\bin\java.dll

Deoptimization events (0 events):
No events

Classes unloaded (0 events):
No events

Classes redefined (0 events):
No events

Internal exceptions (0 events):
No events

VM Operations (0 events):
No events

Events (0 events):
No events


Dynamic libraries:
0x00007ff791cb0000 - 0x00007ff791cbe000 	C:\Users\juani\.p2\pool\plugins\org.eclipse.justj.openjdk.hotspot.jre.full.win32.x86_64_17.0.8.v20230801-1951\jre\bin\javaw.exe
0x00007ffbbc8f0000 - 0x00007ffbbcb07000 	C:\WINDOWS\SYSTEM32\ntdll.dll
0x00007ffbbb850000 - 0x00007ffbbb914000 	C:\WINDOWS\System32\KERNEL32.DLL
0x00007ffbb9ed0000 - 0x00007ffbba276000 	C:\WINDOWS\System32\KERNELBASE.dll
0x00007ffbb9db0000 - 0x00007ffbb9ec1000 	C:\WINDOWS\System32\ucrtbase.dll
0x00007ffba1980000 - 0x00007ffba1999000 	C:\Users\juani\.p2\pool\plugins\org.eclipse.justj.openjdk.hotspot.jre.full.win32.x86_64_17.0.8.v20230801-1951\jre\bin\VCRUNTIME140.dll
0x00007ffba7c80000 - 0x00007ffba7c97000 	C:\Users\juani\.p2\pool\plugins\org.eclipse.justj.openjdk.hotspot.jre.full.win32.x86_64_17.0.8.v20230801-1951\jre\bin\jli.dll
0x00007ffbbaaf0000 - 0x00007ffbbac9d000 	C:\WINDOWS\System32\USER32.dll
0x00007ffbab780000 - 0x00007ffbaba13000 	C:\WINDOWS\WinSxS\amd64_microsoft.windows.common-controls_6595b64144ccf1df_6.0.22621.2361_none_2712ced57382f843\COMCTL32.dll
0x00007ffbb9d80000 - 0x00007ffbb9da6000 	C:\WINDOWS\System32\win32u.dll
0x00007ffbbad80000 - 0x00007ffbbae27000 	C:\WINDOWS\System32\msvcrt.dll
0x00007ffbbad50000 - 0x00007ffbbad79000 	C:\WINDOWS\System32\GDI32.dll
0x00007ffbba340000 - 0x00007ffbba458000 	C:\WINDOWS\System32\gdi32full.dll
0x00007ffbb9ce0000 - 0x00007ffbb9d7a000 	C:\WINDOWS\System32\msvcp_win.dll
0x00007ffbbbc30000 - 0x00007ffbbbc61000 	C:\WINDOWS\System32\IMM32.DLL
0x00007ffbafd60000 - 0x00007ffbafd6c000 	C:\Users\juani\.p2\pool\plugins\org.eclipse.justj.openjdk.hotspot.jre.full.win32.x86_64_17.0.8.v20230801-1951\jre\bin\vcruntime140_1.dll
0x00007ffb8b0e0000 - 0x00007ffb8b171000 	C:\Users\juani\.p2\pool\plugins\org.eclipse.justj.openjdk.hotspot.jre.full.win32.x86_64_17.0.8.v20230801-1951\jre\bin\msvcp140.dll
0x00007ffb25570000 - 0x00007ffb261bc000 	C:\Users\juani\.p2\pool\plugins\org.eclipse.justj.openjdk.hotspot.jre.full.win32.x86_64_17.0.8.v20230801-1951\jre\bin\server\jvm.dll
0x00007ffbbc2a0000 - 0x00007ffbbc350000 	C:\WINDOWS\System32\ADVAPI32.dll
0x00007ffbbbb80000 - 0x00007ffbbbc26000 	C:\WINDOWS\System32\sechost.dll
0x00007ffbbb940000 - 0x00007ffbbba57000 	C:\WINDOWS\System32\RPCRT4.dll
0x00007ffbb94f0000 - 0x00007ffbb953d000 	C:\WINDOWS\SYSTEM32\POWRPROF.dll
0x00007ffbafef0000 - 0x00007ffbafef9000 	C:\WINDOWS\SYSTEM32\WSOCK32.dll
0x00007ffbaf160000 - 0x00007ffbaf16a000 	C:\WINDOWS\SYSTEM32\VERSION.dll
0x00007ffbb18c0000 - 0x00007ffbb18f4000 	C:\WINDOWS\SYSTEM32\WINMM.dll
0x00007ffbbba60000 - 0x00007ffbbbad1000 	C:\WINDOWS\System32\WS2_32.dll
0x00007ffbb94d0000 - 0x00007ffbb94e3000 	C:\WINDOWS\SYSTEM32\UMPDC.dll
0x00007ffbb8c80000 - 0x00007ffbb8c98000 	C:\WINDOWS\SYSTEM32\kernel.appcore.dll
0x00007ffbb1900000 - 0x00007ffbb190a000 	C:\Users\juani\.p2\pool\plugins\org.eclipse.justj.openjdk.hotspot.jre.full.win32.x86_64_17.0.8.v20230801-1951\jre\bin\jimage.dll
0x00007ffbb7410000 - 0x00007ffbb763e000 	C:\WINDOWS\SYSTEM32\DBGHELP.DLL
0x00007ffbbbf10000 - 0x00007ffbbc29a000 	C:\WINDOWS\System32\combase.dll
0x00007ffbba850000 - 0x00007ffbba927000 	C:\WINDOWS\System32\OLEAUT32.dll
0x00007ffbb0410000 - 0x00007ffbb0442000 	C:\WINDOWS\SYSTEM32\dbgcore.DLL
0x00007ffbba460000 - 0x00007ffbba4da000 	C:\WINDOWS\System32\bcryptPrimitives.dll
0x00007ffbad790000 - 0x00007ffbad7b5000 	C:\Users\juani\.p2\pool\plugins\org.eclipse.justj.openjdk.hotspot.jre.full.win32.x86_64_17.0.8.v20230801-1951\jre\bin\java.dll

dbghelp: loaded successfully - version: 4.0.5 - missing functions: none
symbol engine: initialized successfully - sym options: 0x614 - pdb path: .;C:\Users\juani\.p2\pool\plugins\org.eclipse.justj.openjdk.hotspot.jre.full.win32.x86_64_17.0.8.v20230801-1951\jre\bin;C:\WINDOWS\SYSTEM32;C:\WINDOWS\WinSxS\amd64_microsoft.windows.common-controls_6595b64144ccf1df_6.0.22621.2361_none_2712ced57382f843;C:\Users\juani\.p2\pool\plugins\org.eclipse.justj.openjdk.hotspot.jre.full.win32.x86_64_17.0.8.v20230801-1951\jre\bin\server

VM Arguments:
jvm_args: -Dfile.encoding=UTF-8 --module-path=C:\Users\juani\git\Project 2\bin -XX:+ShowCodeDetailsInExceptionMessages -Djdk.module.main=Project1 
java_command: Project1/consola.EmpresaAlquilerVehiculos
java_class_path (initial): <not set>
Launcher Type: SUN_STANDARD

[Global flags]
     intx CICompilerCount                          = 4                                         {product} {ergonomic}
     uint ConcGCThreads                            = 3                                         {product} {ergonomic}
     uint G1ConcRefinementThreads                  = 10                                        {product} {ergonomic}
   size_t G1HeapRegionSize                         = 1048576                                   {product} {ergonomic}
    uintx GCDrainStackTargetSize                   = 64                                        {product} {ergonomic}
   size_t InitialHeapSize                          = 125829120                                 {product} {ergonomic}
   size_t MarkStackSize                            = 4194304                                   {product} {ergonomic}
   size_t MaxHeapSize                              = 1992294400                                {product} {ergonomic}
   size_t MinHeapDeltaBytes                        = 1048576                                   {product} {ergonomic}
   size_t MinHeapSize                              = 8388608                                   {product} {ergonomic}
    uintx NonNMethodCodeHeapSize                   = 5839372                                {pd product} {ergonomic}
    uintx NonProfiledCodeHeapSize                  = 122909434                              {pd product} {ergonomic}
    uintx ProfiledCodeHeapSize                     = 122909434                              {pd product} {ergonomic}
    uintx ReservedCodeCacheSize                    = 251658240                              {pd product} {ergonomic}
     bool SegmentedCodeCache                       = true                                      {product} {ergonomic}
     bool ShowCodeDetailsInExceptionMessages       = true                                   {manageable} {command line}
   size_t SoftMaxHeapSize                          = 1992294400                             {manageable} {ergonomic}
     bool UseCompressedClassPointers               = true                           {product lp64_product} {ergonomic}
     bool UseCompressedOops                        = true                           {product lp64_product} {ergonomic}
     bool UseG1GC                                  = true                                      {product} {ergonomic}
     bool UseLargePagesIndividualAllocation        = false                                  {pd product} {ergonomic}

Logging:
Log output configuration:
 #0: stdout all=warning uptime,level,tags
 #1: stderr all=off uptime,level,tags

Environment Variables:
PATH=C:/Users/juani/.p2/pool/plugins/org.eclipse.justj.openjdk.hotspot.jre.full.win32.x86_64_17.0.8.v20230801-1951/jre/bin/server;C:/Users/juani/.p2/pool/plugins/org.eclipse.justj.openjdk.hotspot.jre.full.win32.x86_64_17.0.8.v20230801-1951/jre/bin;C:\Program Files (x86)\Common Files\Oracle\Java\javapath;C:\Program Files\Eclipse Adoptium\jdk-17.0.8.101-hotspot\bin;C:\WINDOWS\system32;C:\WINDOWS;C:\WINDOWS\System32\Wbem;C:\WINDOWS\System32\WindowsPowerShell\v1.0\;C:\WINDOWS\System32\OpenSSH\;C:\Program Files\Git\cmd;C:\Users\juani\AppData\Local\Programs\Python\Python37\Scripts\;C:\Users\juani\AppData\Local\Programs\Python\Python37\;C:\Users\juani\AppData\Local\Microsoft\WindowsApps;C:\Users\juani\AppData\Local\Programs\Microsoft VS Code\bin;C:\WINDOWS\System32;
USERNAME=juani
OS=Windows_NT
PROCESSOR_IDENTIFIER=AMD64 Family 23 Model 96 Stepping 1, AuthenticAMD
TMP=C:\Users\juani\AppData\Local\Temp
TEMP=C:\Users\juani\AppData\Local\Temp



---------------  S Y S T E M  ---------------

OS:
 Windows 11 , 64 bit Build 22621 (10.0.22621.2428)
OS uptime: 21 days 13:41 hours
Hyper-V role detected

CPU: total 12 (initial active 12) (12 cores per cpu, 2 threads per core) family 23 model 96 stepping 1 microcode 0x0, cx8, cmov, fxsr, ht, mmx, 3dnowpref, sse, sse2, sse3, ssse3, sse4a, sse4.1, sse4.2, popcnt, lzcnt, tsc, tscinvbit, avx, avx2, aes, clmul, bmi1, bmi2, adx, sha, fma, vzeroupper, clflush, clflushopt, hv
Processor Information for all 12 processors :
  Max Mhz: 3001, Current Mhz: 3001, Mhz Limit: 3001

Memory: 4k page, system-wide physical 7599M (785M free)
TotalPageFile size 31151M (AvailPageFile size 8M)
current process WorkingSet (physical memory assigned to process): 11M, peak: 11M
current process commit charge ("private bytes"): 64M, peak: 184M

vm_info: OpenJDK 64-Bit Server VM (17.0.8+7) for windows-amd64 JRE (17.0.8+7), built on Jul 18 2023 21:02:32 by "admin" with MS VC++ 16.7 (VS2019)

END.
