#
# There is insufficient memory for the Java Runtime Environment to continue.
# Native memory allocation (malloc) failed to allocate 1882512 bytes for Chunk::new
# Possible reasons:
#   The system is out of physical RAM or swap space
#   The process is running with CompressedOops enabled, and the Java Heap may be blocking the growth of the native heap
# Possible solutions:
#   Reduce memory load on the system
#   Increase physical memory or swap space
#   Check if swap backing store is full
#   Decrease Java heap size (-Xmx/-Xms)
#   Decrease number of Java threads
#   Decrease Java thread stack sizes (-Xss)
#   Set larger code cache with -XX:ReservedCodeCacheSize=
#   JVM is running with Unscaled Compressed Oops mode in which the Java heap is
#     placed in the first 4GB address space. The Java Heap base address is the
#     maximum limit for the native heap growth. Please use -XX:HeapBaseMinAddress
#     to set the Java Heap base and to place the Java Heap above 4GB virtual address.
# This output file may be truncated or incomplete.
#
#  Out of Memory Error (arena.cpp:189), pid=2296, tid=26312
#
# JRE version: OpenJDK Runtime Environment Temurin-17.0.8+7 (17.0.8+7) (build 17.0.8+7)
# Java VM: OpenJDK 64-Bit Server VM Temurin-17.0.8+7 (17.0.8+7, mixed mode, tiered, compressed oops, compressed class ptrs, g1 gc, windows-amd64)
# No core dump will be written. Minidumps are not enabled by default on client versions of Windows
#

---------------  S U M M A R Y ------------

Command Line: -Dfile.encoding=UTF-8 --module-path=C:\Users\juani\git\Project 2\bin -XX:+ShowCodeDetailsInExceptionMessages -Djdk.module.main=Project1 Project1/consola.EmpresaAlquilerVehiculos

Host: AMD Ryzen 5 4600H with Radeon Graphics         , 12 cores, 7G,  Windows 11 , 64 bit Build 22621 (10.0.22621.2428)
Time: Thu Nov  9 17:43:39 2023 SA Pacific Standard Time elapsed time: 26.969553 seconds (0d 0h 0m 26s)

---------------  T H R E A D  ---------------

Current thread (0x00000211f7036810):  JavaThread "C2 CompilerThread0" daemon [_thread_in_native, id=26312, stack(0x0000007c4fc00000,0x0000007c4fd00000)]


Current CompileTask:
C2:  26969 1911       4       java.util.HashMap::put (13 bytes)

Stack: [0x0000007c4fc00000,0x0000007c4fd00000]
Native frames: (J=compiled Java code, j=interpreted, Vv=VM code, C=native code)
V  [jvm.dll+0x678b0a]
V  [jvm.dll+0x835e84]
V  [jvm.dll+0x83762e]
V  [jvm.dll+0x837c93]
V  [jvm.dll+0x24746f]
V  [jvm.dll+0xac20c]
V  [jvm.dll+0xac7dc]
V  [jvm.dll+0x365ca7]
V  [jvm.dll+0x3301a1]
V  [jvm.dll+0x32f64a]
V  [jvm.dll+0x219bf1]
V  [jvm.dll+0x219011]
V  [jvm.dll+0x1a534d]
V  [jvm.dll+0x228d8a]
V  [jvm.dll+0x226dcc]
V  [jvm.dll+0x7ec09b]
V  [jvm.dll+0x7e64ca]
V  [jvm.dll+0x677955]
C  [ucrtbase.dll+0x29363]
C  [KERNEL32.DLL+0x1257d]
C  [ntdll.dll+0x5aa78]


---------------  P R O C E S S  ---------------

Threads class SMR info:
_java_thread_list=0x00000211f7acdab0, length=20, elements={
0x00000211f7013020, 0x00000211f7014b50, 0x00000211f7031ff0, 0x00000211f70328c0,
0x00000211f7033190, 0x00000211f7033a60, 0x00000211f7036810, 0x00000211f703c7d0,
0x00000211f7047280, 0x00000211f2cc93e0, 0x00000211f72c1750, 0x00000211f7527ad0,
0x00000211f752aa70, 0x00000211f7566c50, 0x00000211f78fdaa0, 0x00000211d8e06ba0,
0x00000211f7836300, 0x00000211f720a070, 0x00000211fe7802e0, 0x00000211fe781020
}

Java Threads: ( => current thread )
  0x00000211f7013020 JavaThread "Reference Handler" daemon [_thread_blocked, id=15160, stack(0x0000007c4f600000,0x0000007c4f700000)]
  0x00000211f7014b50 JavaThread "Finalizer" daemon [_thread_blocked, id=12500, stack(0x0000007c4f700000,0x0000007c4f800000)]
  0x00000211f7031ff0 JavaThread "Signal Dispatcher" daemon [_thread_blocked, id=11004, stack(0x0000007c4f800000,0x0000007c4f900000)]
  0x00000211f70328c0 JavaThread "Attach Listener" daemon [_thread_blocked, id=15264, stack(0x0000007c4f900000,0x0000007c4fa00000)]
  0x00000211f7033190 JavaThread "Service Thread" daemon [_thread_blocked, id=2668, stack(0x0000007c4fa00000,0x0000007c4fb00000)]
  0x00000211f7033a60 JavaThread "Monitor Deflation Thread" daemon [_thread_blocked, id=26832, stack(0x0000007c4fb00000,0x0000007c4fc00000)]
=>0x00000211f7036810 JavaThread "C2 CompilerThread0" daemon [_thread_in_native, id=26312, stack(0x0000007c4fc00000,0x0000007c4fd00000)]
  0x00000211f703c7d0 JavaThread "C1 CompilerThread0" daemon [_thread_blocked, id=13996, stack(0x0000007c4fd00000,0x0000007c4fe00000)]
  0x00000211f7047280 JavaThread "Sweeper thread" daemon [_thread_blocked, id=28432, stack(0x0000007c4fe00000,0x0000007c4ff00000)]
  0x00000211f2cc93e0 JavaThread "Common-Cleaner" daemon [_thread_blocked, id=21024, stack(0x0000007c4ff00000,0x0000007c50000000)]
  0x00000211f72c1750 JavaThread "Notification Thread" daemon [_thread_blocked, id=15840, stack(0x0000007c50000000,0x0000007c50100000)]
  0x00000211f7527ad0 JavaThread "Java2D Disposer" daemon [_thread_blocked, id=11092, stack(0x0000007c50200000,0x0000007c50300000)]
  0x00000211f752aa70 JavaThread "AWT-Shutdown" [_thread_blocked, id=21648, stack(0x0000007c50300000,0x0000007c50400000)]
  0x00000211f7566c50 JavaThread "AWT-Windows" daemon [_thread_in_native, id=7316, stack(0x0000007c50400000,0x0000007c50500000)]
  0x00000211f78fdaa0 JavaThread "AWT-EventQueue-0" [_thread_blocked, id=7048, stack(0x0000007c50f00000,0x0000007c51000000)]
  0x00000211d8e06ba0 JavaThread "DestroyJavaVM" [_thread_blocked, id=25868, stack(0x0000007c4ef00000,0x0000007c4f000000)]
  0x00000211f7836300 JavaThread "D3D Screen Updater" daemon [_thread_in_native, id=3736, stack(0x0000007c51100000,0x0000007c51200000)]
  0x00000211f720a070 JavaThread "TimerQueue" daemon [_thread_blocked, id=25792, stack(0x0000007c51200000,0x0000007c51300000)]
  0x00000211fe7802e0 JavaThread "C2 CompilerThread1" daemon [_thread_in_native, id=10548, stack(0x0000007c51300000,0x0000007c51400000)]
  0x00000211fe781020 JavaThread "C2 CompilerThread2" daemon [_thread_in_native, id=26680, stack(0x0000007c51600000,0x0000007c51700000)]

Other Threads:
  0x00000211f2d3e5c0 VMThread "VM Thread" [stack: 0x0000007c4f500000,0x0000007c4f600000] [id=18008]
  0x00000211d8e7b710 WatcherThread [stack: 0x0000007c50100000,0x0000007c50200000] [id=24884]
  0x00000211d8e60060 GCTaskThread "GC Thread#0" [stack: 0x0000007c4f000000,0x0000007c4f100000] [id=30316]
  0x00000211ff365ce0 GCTaskThread "GC Thread#1" [stack: 0x0000007c51700000,0x0000007c51800000] [id=6444]
  0x00000211fe8dde10 GCTaskThread "GC Thread#2" [stack: 0x0000007c51800000,0x0000007c51900000] [id=22976]
  0x00000211fe8f2390 GCTaskThread "GC Thread#3" [stack: 0x0000007c51900000,0x0000007c51a00000] [id=22400]
  0x00000211fe8f2650 GCTaskThread "GC Thread#4" [stack: 0x0000007c51a00000,0x0000007c51b00000] [id=21720]
  0x00000211fe74e420 GCTaskThread "GC Thread#5" [stack: 0x0000007c51b00000,0x0000007c51c00000] [id=8712]
  0x00000211fecf5cd0 GCTaskThread "GC Thread#6" [stack: 0x0000007c51c00000,0x0000007c51d00000] [id=11128]
  0x00000211fe95bc20 GCTaskThread "GC Thread#7" [stack: 0x0000007c51d00000,0x0000007c51e00000] [id=10008]
  0x00000211ff2e8580 GCTaskThread "GC Thread#8" [stack: 0x0000007c51e00000,0x0000007c51f00000] [id=7344]
  0x00000211fe9b4f30 GCTaskThread "GC Thread#9" [stack: 0x0000007c51f00000,0x0000007c52000000] [id=13360]
  0x00000211d8e704d0 ConcurrentGCThread "G1 Main Marker" [stack: 0x0000007c4f100000,0x0000007c4f200000] [id=29708]
  0x00000211d8e70ee0 ConcurrentGCThread "G1 Conc#0" [stack: 0x0000007c4f200000,0x0000007c4f300000] [id=9272]
  0x00000211d8ebe150 ConcurrentGCThread "G1 Refine#0" [stack: 0x0000007c4f300000,0x0000007c4f400000] [id=22560]
  0x00000211d8ebeb80 ConcurrentGCThread "G1 Service" [stack: 0x0000007c4f400000,0x0000007c4f500000] [id=6640]

Threads with active compile tasks:
C2 CompilerThread0    26997 1911       4       java.util.HashMap::put (13 bytes)
C2 CompilerThread1    26997 1918       4       java.util.HashMap::putVal (300 bytes)
C2 CompilerThread2    26997 1913  s    4       java.util.Hashtable::put (104 bytes)

VM state: not at safepoint (normal execution)

VM Mutex/Monitor currently owned by a thread: None

Heap address: 0x0000000089400000, size: 1900 MB, Compressed Oops mode: 32-bit

CDS archive(s) not mapped
Compressed class space mapped at: 0x0000000100000000-0x0000000140000000, reserved size: 1073741824
Narrow klass base: 0x0000000000000000, Narrow klass shift: 3, Narrow klass range: 0x140000000

GC Precious Log:
 CPUs: 12 total, 12 available
 Memory: 7599M
 Large Page Support: Disabled
 NUMA Support: Disabled
 Compressed Oops: Enabled (32-bit)
 Heap Region Size: 1M
 Heap Min Capacity: 8M
 Heap Initial Capacity: 120M
 Heap Max Capacity: 1900M
 Pre-touch: Disabled
 Parallel Workers: 10
 Concurrent Workers: 3
 Concurrent Refinement Workers: 10
 Periodic GC: Disabled

Heap:
 garbage-first heap   total 122880K, used 17461K [0x0000000089400000, 0x0000000100000000)
  region size 1024K, 9 young (9216K), 3 survivors (3072K)
 Metaspace       used 19151K, committed 19328K, reserved 1114112K
  class space    used 1947K, committed 2048K, reserved 1048576K

Heap Regions: E=young(eden), S=young(survivor), O=old, HS=humongous(starts), HC=humongous(continues), CS=collection set, F=free, OA=open archive, CA=closed archive, TAMS=top-at-mark-start (previous, next)
|   0|0x0000000089400000, 0x0000000089500000, 0x0000000089500000|100%|HS|  |TAMS 0x0000000089400000, 0x0000000089400000| Complete 
|   1|0x0000000089500000, 0x0000000089600000, 0x0000000089600000|100%|HC|  |TAMS 0x0000000089500000, 0x0000000089500000| Complete 
|   2|0x0000000089600000, 0x0000000089700000, 0x0000000089700000|100%|HS|  |TAMS 0x0000000089600000, 0x0000000089600000| Complete 
|   3|0x0000000089700000, 0x0000000089800000, 0x0000000089800000|100%|HC|  |TAMS 0x0000000089700000, 0x0000000089700000| Complete 
|   4|0x0000000089800000, 0x0000000089900000, 0x0000000089900000|100%|HS|  |TAMS 0x0000000089800000, 0x0000000089800000| Complete 
|   5|0x0000000089900000, 0x0000000089a00000, 0x0000000089a00000|100%|HC|  |TAMS 0x0000000089900000, 0x0000000089900000| Complete 
|   6|0x0000000089a00000, 0x0000000089b00000, 0x0000000089b00000|100%|HS|  |TAMS 0x0000000089a00000, 0x0000000089a00000| Complete 
|   7|0x0000000089b00000, 0x0000000089c00000, 0x0000000089c00000|100%|HC|  |TAMS 0x0000000089b00000, 0x0000000089b00000| Complete 
|   8|0x0000000089c00000, 0x0000000089d00000, 0x0000000089d00000|100%| O|  |TAMS 0x0000000089c00000, 0x0000000089c00000| Untracked 
|   9|0x0000000089d00000, 0x0000000089d0d600, 0x0000000089e00000|  5%| O|  |TAMS 0x0000000089d00000, 0x0000000089d00000| Untracked 
|  10|0x0000000089e00000, 0x0000000089e00000, 0x0000000089f00000|  0%| F|  |TAMS 0x0000000089e00000, 0x0000000089e00000| Untracked 
|  11|0x0000000089f00000, 0x0000000089f00000, 0x000000008a000000|  0%| F|  |TAMS 0x0000000089f00000, 0x0000000089f00000| Untracked 
|  12|0x000000008a000000, 0x000000008a000000, 0x000000008a100000|  0%| F|  |TAMS 0x000000008a000000, 0x000000008a000000| Untracked 
|  13|0x000000008a100000, 0x000000008a100000, 0x000000008a200000|  0%| F|  |TAMS 0x000000008a100000, 0x000000008a100000| Untracked 
|  14|0x000000008a200000, 0x000000008a200000, 0x000000008a300000|  0%| F|  |TAMS 0x000000008a200000, 0x000000008a200000| Untracked 
|  15|0x000000008a300000, 0x000000008a300000, 0x000000008a400000|  0%| F|  |TAMS 0x000000008a300000, 0x000000008a300000| Untracked 
|  16|0x000000008a400000, 0x000000008a400000, 0x000000008a500000|  0%| F|  |TAMS 0x000000008a400000, 0x000000008a400000| Untracked 
|  17|0x000000008a500000, 0x000000008a500000, 0x000000008a600000|  0%| F|  |TAMS 0x000000008a500000, 0x000000008a500000| Untracked 
|  18|0x000000008a600000, 0x000000008a600000, 0x000000008a700000|  0%| F|  |TAMS 0x000000008a600000, 0x000000008a600000| Untracked 
|  19|0x000000008a700000, 0x000000008a700000, 0x000000008a800000|  0%| F|  |TAMS 0x000000008a700000, 0x000000008a700000| Untracked 
|  20|0x000000008a800000, 0x000000008a800000, 0x000000008a900000|  0%| F|  |TAMS 0x000000008a800000, 0x000000008a800000| Untracked 
|  21|0x000000008a900000, 0x000000008a900000, 0x000000008aa00000|  0%| F|  |TAMS 0x000000008a900000, 0x000000008a900000| Untracked 
|  22|0x000000008aa00000, 0x000000008aa00000, 0x000000008ab00000|  0%| F|  |TAMS 0x000000008aa00000, 0x000000008aa00000| Untracked 
|  23|0x000000008ab00000, 0x000000008ab00000, 0x000000008ac00000|  0%| F|  |TAMS 0x000000008ab00000, 0x000000008ab00000| Untracked 
|  24|0x000000008ac00000, 0x000000008ac00000, 0x000000008ad00000|  0%| F|  |TAMS 0x000000008ac00000, 0x000000008ac00000| Untracked 
|  25|0x000000008ad00000, 0x000000008ad00000, 0x000000008ae00000|  0%| F|  |TAMS 0x000000008ad00000, 0x000000008ad00000| Untracked 
|  26|0x000000008ae00000, 0x000000008ae00000, 0x000000008af00000|  0%| F|  |TAMS 0x000000008ae00000, 0x000000008ae00000| Untracked 
|  27|0x000000008af00000, 0x000000008af00000, 0x000000008b000000|  0%| F|  |TAMS 0x000000008af00000, 0x000000008af00000| Untracked 
|  28|0x000000008b000000, 0x000000008b000000, 0x000000008b100000|  0%| F|  |TAMS 0x000000008b000000, 0x000000008b000000| Untracked 
|  29|0x000000008b100000, 0x000000008b100000, 0x000000008b200000|  0%| F|  |TAMS 0x000000008b100000, 0x000000008b100000| Untracked 
|  30|0x000000008b200000, 0x000000008b200000, 0x000000008b300000|  0%| F|  |TAMS 0x000000008b200000, 0x000000008b200000| Untracked 
|  31|0x000000008b300000, 0x000000008b300000, 0x000000008b400000|  0%| F|  |TAMS 0x000000008b300000, 0x000000008b300000| Untracked 
|  32|0x000000008b400000, 0x000000008b400000, 0x000000008b500000|  0%| F|  |TAMS 0x000000008b400000, 0x000000008b400000| Untracked 
|  33|0x000000008b500000, 0x000000008b500000, 0x000000008b600000|  0%| F|  |TAMS 0x000000008b500000, 0x000000008b500000| Untracked 
|  34|0x000000008b600000, 0x000000008b600000, 0x000000008b700000|  0%| F|  |TAMS 0x000000008b600000, 0x000000008b600000| Untracked 
|  35|0x000000008b700000, 0x000000008b700000, 0x000000008b800000|  0%| F|  |TAMS 0x000000008b700000, 0x000000008b700000| Untracked 
|  36|0x000000008b800000, 0x000000008b800000, 0x000000008b900000|  0%| F|  |TAMS 0x000000008b800000, 0x000000008b800000| Untracked 
|  37|0x000000008b900000, 0x000000008b900000, 0x000000008ba00000|  0%| F|  |TAMS 0x000000008b900000, 0x000000008b900000| Untracked 
|  38|0x000000008ba00000, 0x000000008ba00000, 0x000000008bb00000|  0%| F|  |TAMS 0x000000008ba00000, 0x000000008ba00000| Untracked 
|  39|0x000000008bb00000, 0x000000008bb00000, 0x000000008bc00000|  0%| F|  |TAMS 0x000000008bb00000, 0x000000008bb00000| Untracked 
|  40|0x000000008bc00000, 0x000000008bc00000, 0x000000008bd00000|  0%| F|  |TAMS 0x000000008bc00000, 0x000000008bc00000| Untracked 
|  41|0x000000008bd00000, 0x000000008bd00000, 0x000000008be00000|  0%| F|  |TAMS 0x000000008bd00000, 0x000000008bd00000| Untracked 
|  42|0x000000008be00000, 0x000000008be00000, 0x000000008bf00000|  0%| F|  |TAMS 0x000000008be00000, 0x000000008be00000| Untracked 
|  43|0x000000008bf00000, 0x000000008bf00000, 0x000000008c000000|  0%| F|  |TAMS 0x000000008bf00000, 0x000000008bf00000| Untracked 
|  44|0x000000008c000000, 0x000000008c000000, 0x000000008c100000|  0%| F|  |TAMS 0x000000008c000000, 0x000000008c000000| Untracked 
|  45|0x000000008c100000, 0x000000008c100000, 0x000000008c200000|  0%| F|  |TAMS 0x000000008c100000, 0x000000008c100000| Untracked 
|  46|0x000000008c200000, 0x000000008c200000, 0x000000008c300000|  0%| F|  |TAMS 0x000000008c200000, 0x000000008c200000| Untracked 
|  47|0x000000008c300000, 0x000000008c300000, 0x000000008c400000|  0%| F|  |TAMS 0x000000008c300000, 0x000000008c300000| Untracked 
|  48|0x000000008c400000, 0x000000008c400000, 0x000000008c500000|  0%| F|  |TAMS 0x000000008c400000, 0x000000008c400000| Untracked 
|  49|0x000000008c500000, 0x000000008c500000, 0x000000008c600000|  0%| F|  |TAMS 0x000000008c500000, 0x000000008c500000| Untracked 
|  50|0x000000008c600000, 0x000000008c600000, 0x000000008c700000|  0%| F|  |TAMS 0x000000008c600000, 0x000000008c600000| Untracked 
|  51|0x000000008c700000, 0x000000008c700000, 0x000000008c800000|  0%| F|  |TAMS 0x000000008c700000, 0x000000008c700000| Untracked 
|  52|0x000000008c800000, 0x000000008c800000, 0x000000008c900000|  0%| F|  |TAMS 0x000000008c800000, 0x000000008c800000| Untracked 
|  53|0x000000008c900000, 0x000000008c900000, 0x000000008ca00000|  0%| F|  |TAMS 0x000000008c900000, 0x000000008c900000| Untracked 
|  54|0x000000008ca00000, 0x000000008ca00000, 0x000000008cb00000|  0%| F|  |TAMS 0x000000008ca00000, 0x000000008ca00000| Untracked 
|  55|0x000000008cb00000, 0x000000008cb00000, 0x000000008cc00000|  0%| F|  |TAMS 0x000000008cb00000, 0x000000008cb00000| Untracked 
|  56|0x000000008cc00000, 0x000000008cc00000, 0x000000008cd00000|  0%| F|  |TAMS 0x000000008cc00000, 0x000000008cc00000| Untracked 
|  57|0x000000008cd00000, 0x000000008cd00000, 0x000000008ce00000|  0%| F|  |TAMS 0x000000008cd00000, 0x000000008cd00000| Untracked 
|  58|0x000000008ce00000, 0x000000008ce00000, 0x000000008cf00000|  0%| F|  |TAMS 0x000000008ce00000, 0x000000008ce00000| Untracked 
|  59|0x000000008cf00000, 0x000000008cf00000, 0x000000008d000000|  0%| F|  |TAMS 0x000000008cf00000, 0x000000008cf00000| Untracked 
|  60|0x000000008d000000, 0x000000008d000000, 0x000000008d100000|  0%| F|  |TAMS 0x000000008d000000, 0x000000008d000000| Untracked 
|  61|0x000000008d100000, 0x000000008d100000, 0x000000008d200000|  0%| F|  |TAMS 0x000000008d100000, 0x000000008d100000| Untracked 
|  62|0x000000008d200000, 0x000000008d200000, 0x000000008d300000|  0%| F|  |TAMS 0x000000008d200000, 0x000000008d200000| Untracked 
|  63|0x000000008d300000, 0x000000008d300000, 0x000000008d400000|  0%| F|  |TAMS 0x000000008d300000, 0x000000008d300000| Untracked 
|  64|0x000000008d400000, 0x000000008d400000, 0x000000008d500000|  0%| F|  |TAMS 0x000000008d400000, 0x000000008d400000| Untracked 
|  65|0x000000008d500000, 0x000000008d500000, 0x000000008d600000|  0%| F|  |TAMS 0x000000008d500000, 0x000000008d500000| Untracked 
|  66|0x000000008d600000, 0x000000008d600000, 0x000000008d700000|  0%| F|  |TAMS 0x000000008d600000, 0x000000008d600000| Untracked 
|  67|0x000000008d700000, 0x000000008d700000, 0x000000008d800000|  0%| F|  |TAMS 0x000000008d700000, 0x000000008d700000| Untracked 
|  68|0x000000008d800000, 0x000000008d800000, 0x000000008d900000|  0%| F|  |TAMS 0x000000008d800000, 0x000000008d800000| Untracked 
|  69|0x000000008d900000, 0x000000008d900000, 0x000000008da00000|  0%| F|  |TAMS 0x000000008d900000, 0x000000008d900000| Untracked 
|  70|0x000000008da00000, 0x000000008da00000, 0x000000008db00000|  0%| F|  |TAMS 0x000000008da00000, 0x000000008da00000| Untracked 
|  71|0x000000008db00000, 0x000000008db00000, 0x000000008dc00000|  0%| F|  |TAMS 0x000000008db00000, 0x000000008db00000| Untracked 
|  72|0x000000008dc00000, 0x000000008dc00000, 0x000000008dd00000|  0%| F|  |TAMS 0x000000008dc00000, 0x000000008dc00000| Untracked 
|  73|0x000000008dd00000, 0x000000008dd00000, 0x000000008de00000|  0%| F|  |TAMS 0x000000008dd00000, 0x000000008dd00000| Untracked 
|  74|0x000000008de00000, 0x000000008de00000, 0x000000008df00000|  0%| F|  |TAMS 0x000000008de00000, 0x000000008de00000| Untracked 
|  75|0x000000008df00000, 0x000000008df00000, 0x000000008e000000|  0%| F|  |TAMS 0x000000008df00000, 0x000000008df00000| Untracked 
|  76|0x000000008e000000, 0x000000008e000000, 0x000000008e100000|  0%| F|  |TAMS 0x000000008e000000, 0x000000008e000000| Untracked 
|  77|0x000000008e100000, 0x000000008e100000, 0x000000008e200000|  0%| F|  |TAMS 0x000000008e100000, 0x000000008e100000| Untracked 
|  78|0x000000008e200000, 0x000000008e200000, 0x000000008e300000|  0%| F|  |TAMS 0x000000008e200000, 0x000000008e200000| Untracked 
|  79|0x000000008e300000, 0x000000008e300000, 0x000000008e400000|  0%| F|  |TAMS 0x000000008e300000, 0x000000008e300000| Untracked 
|  80|0x000000008e400000, 0x000000008e400000, 0x000000008e500000|  0%| F|  |TAMS 0x000000008e400000, 0x000000008e400000| Untracked 
|  81|0x000000008e500000, 0x000000008e500000, 0x000000008e600000|  0%| F|  |TAMS 0x000000008e500000, 0x000000008e500000| Untracked 
|  82|0x000000008e600000, 0x000000008e600000, 0x000000008e700000|  0%| F|  |TAMS 0x000000008e600000, 0x000000008e600000| Untracked 
|  83|0x000000008e700000, 0x000000008e700000, 0x000000008e800000|  0%| F|  |TAMS 0x000000008e700000, 0x000000008e700000| Untracked 
|  84|0x000000008e800000, 0x000000008e800000, 0x000000008e900000|  0%| F|  |TAMS 0x000000008e800000, 0x000000008e800000| Untracked 
|  85|0x000000008e900000, 0x000000008e900000, 0x000000008ea00000|  0%| F|  |TAMS 0x000000008e900000, 0x000000008e900000| Untracked 
|  86|0x000000008ea00000, 0x000000008ea00000, 0x000000008eb00000|  0%| F|  |TAMS 0x000000008ea00000, 0x000000008ea00000| Untracked 
|  87|0x000000008eb00000, 0x000000008eb00000, 0x000000008ec00000|  0%| F|  |TAMS 0x000000008eb00000, 0x000000008eb00000| Untracked 
|  88|0x000000008ec00000, 0x000000008ec00000, 0x000000008ed00000|  0%| F|  |TAMS 0x000000008ec00000, 0x000000008ec00000| Untracked 
|  89|0x000000008ed00000, 0x000000008ed00000, 0x000000008ee00000|  0%| F|  |TAMS 0x000000008ed00000, 0x000000008ed00000| Untracked 
|  90|0x000000008ee00000, 0x000000008ee00000, 0x000000008ef00000|  0%| F|  |TAMS 0x000000008ee00000, 0x000000008ee00000| Untracked 
|  91|0x000000008ef00000, 0x000000008ef00000, 0x000000008f000000|  0%| F|  |TAMS 0x000000008ef00000, 0x000000008ef00000| Untracked 
|  92|0x000000008f000000, 0x000000008f000000, 0x000000008f100000|  0%| F|  |TAMS 0x000000008f000000, 0x000000008f000000| Untracked 
|  93|0x000000008f100000, 0x000000008f100000, 0x000000008f200000|  0%| F|  |TAMS 0x000000008f100000, 0x000000008f100000| Untracked 
|  94|0x000000008f200000, 0x000000008f300000, 0x000000008f300000|100%| S|CS|TAMS 0x000000008f200000, 0x000000008f200000| Complete 
|  95|0x000000008f300000, 0x000000008f400000, 0x000000008f400000|100%| S|CS|TAMS 0x000000008f300000, 0x000000008f300000| Complete 
|  96|0x000000008f400000, 0x000000008f500000, 0x000000008f500000|100%| S|CS|TAMS 0x000000008f400000, 0x000000008f400000| Complete 
|  97|0x000000008f500000, 0x000000008f500000, 0x000000008f600000|  0%| F|  |TAMS 0x000000008f500000, 0x000000008f500000| Untracked 
|  98|0x000000008f600000, 0x000000008f600000, 0x000000008f700000|  0%| F|  |TAMS 0x000000008f600000, 0x000000008f600000| Untracked 
|  99|0x000000008f700000, 0x000000008f700000, 0x000000008f800000|  0%| F|  |TAMS 0x000000008f700000, 0x000000008f700000| Untracked 
| 100|0x000000008f800000, 0x000000008f800000, 0x000000008f900000|  0%| F|  |TAMS 0x000000008f800000, 0x000000008f800000| Untracked 
| 101|0x000000008f900000, 0x000000008f900000, 0x000000008fa00000|  0%| F|  |TAMS 0x000000008f900000, 0x000000008f900000| Untracked 
| 102|0x000000008fa00000, 0x000000008fa00000, 0x000000008fb00000|  0%| F|  |TAMS 0x000000008fa00000, 0x000000008fa00000| Untracked 
| 103|0x000000008fb00000, 0x000000008fb00000, 0x000000008fc00000|  0%| F|  |TAMS 0x000000008fb00000, 0x000000008fb00000| Untracked 
| 104|0x000000008fc00000, 0x000000008fc00000, 0x000000008fd00000|  0%| F|  |TAMS 0x000000008fc00000, 0x000000008fc00000| Untracked 
| 105|0x000000008fd00000, 0x000000008fd00000, 0x000000008fe00000|  0%| F|  |TAMS 0x000000008fd00000, 0x000000008fd00000| Untracked 
| 106|0x000000008fe00000, 0x000000008fe00000, 0x000000008ff00000|  0%| F|  |TAMS 0x000000008fe00000, 0x000000008fe00000| Untracked 
| 107|0x000000008ff00000, 0x000000008ff00000, 0x0000000090000000|  0%| F|  |TAMS 0x000000008ff00000, 0x000000008ff00000| Untracked 
| 108|0x0000000090000000, 0x0000000090000000, 0x0000000090100000|  0%| F|  |TAMS 0x0000000090000000, 0x0000000090000000| Untracked 
| 109|0x0000000090100000, 0x0000000090100000, 0x0000000090200000|  0%| F|  |TAMS 0x0000000090100000, 0x0000000090100000| Untracked 
| 110|0x0000000090200000, 0x0000000090200000, 0x0000000090300000|  0%| F|  |TAMS 0x0000000090200000, 0x0000000090200000| Untracked 
| 111|0x0000000090300000, 0x0000000090300000, 0x0000000090400000|  0%| F|  |TAMS 0x0000000090300000, 0x0000000090300000| Untracked 
| 112|0x0000000090400000, 0x0000000090400000, 0x0000000090500000|  0%| F|  |TAMS 0x0000000090400000, 0x0000000090400000| Untracked 
| 113|0x0000000090500000, 0x0000000090500000, 0x0000000090600000|  0%| F|  |TAMS 0x0000000090500000, 0x0000000090500000| Untracked 
| 114|0x0000000090600000, 0x0000000090600800, 0x0000000090700000|  0%| E|  |TAMS 0x0000000090600000, 0x0000000090600000| Complete 
| 115|0x0000000090700000, 0x0000000090800000, 0x0000000090800000|100%| E|CS|TAMS 0x0000000090700000, 0x0000000090700000| Complete 
| 116|0x0000000090800000, 0x0000000090900000, 0x0000000090900000|100%| E|CS|TAMS 0x0000000090800000, 0x0000000090800000| Complete 
| 117|0x0000000090900000, 0x0000000090a00000, 0x0000000090a00000|100%| E|CS|TAMS 0x0000000090900000, 0x0000000090900000| Complete 
| 118|0x0000000090a00000, 0x0000000090b00000, 0x0000000090b00000|100%| E|CS|TAMS 0x0000000090a00000, 0x0000000090a00000| Complete 
| 119|0x0000000090b00000, 0x0000000090c00000, 0x0000000090c00000|100%| E|CS|TAMS 0x0000000090b00000, 0x0000000090b00000| Complete 

Card table byte_map: [0x00000211ebdd0000,0x00000211ec190000] _byte_map_base: 0x00000211eb986000

Marking Bits (Prev, Next): (CMBitMap*) 0x00000211d8e60680, (CMBitMap*) 0x00000211d8e606c0
 Prev Bits: [0x00000211ec550000, 0x00000211ee300000)
 Next Bits: [0x00000211ee300000, 0x00000211f00b0000)

Polling page: 0x00000211d6df0000

Metaspace:

Usage:
  Non-class:     16.80 MB used.
      Class:      1.90 MB used.
       Both:     18.70 MB used.

Virtual space:
  Non-class space:       64.00 MB reserved,      16.88 MB ( 26%) committed,  1 nodes.
      Class space:        1.00 GB reserved,       2.00 MB ( <1%) committed,  1 nodes.
             Both:        1.06 GB reserved,      18.88 MB (  2%) committed. 

Chunk freelists:
   Non-Class:  14.96 MB
       Class:  14.04 MB
        Both:  29.00 MB

MaxMetaspaceSize: unlimited
CompressedClassSpaceSize: 1.00 GB
Initial GC threshold: 21.00 MB
Current GC threshold: 21.00 MB
CDS: off
MetaspaceReclaimPolicy: balanced
 - commit_granule_bytes: 65536.
 - commit_granule_words: 8192.
 - virtual_space_node_default_size: 8388608.
 - enlarge_chunks_in_place: 1.
 - new_chunks_are_fully_committed: 0.
 - uncommit_free_chunks: 1.
 - use_allocation_guard: 0.
 - handle_deallocations: 1.


Internal statistics:

num_allocs_failed_limit: 0.
num_arena_births: 136.
num_arena_deaths: 0.
num_vsnodes_births: 2.
num_vsnodes_deaths: 0.
num_space_committed: 302.
num_space_uncommitted: 0.
num_chunks_returned_to_freelist: 0.
num_chunks_taken_from_freelist: 232.
num_chunk_merges: 0.
num_chunk_splits: 121.
num_chunks_enlarged: 49.
num_inconsistent_stats: 0.

CodeHeap 'non-profiled nmethods': size=120000Kb used=726Kb max_used=726Kb free=119273Kb
 bounds [0x00000211e3f90000, 0x00000211e4200000, 0x00000211eb4c0000]
CodeHeap 'profiled nmethods': size=120000Kb used=3496Kb max_used=3496Kb free=116503Kb
 bounds [0x00000211dc4c0000, 0x00000211dc830000, 0x00000211e39f0000]
CodeHeap 'non-nmethods': size=5760Kb used=1328Kb max_used=1371Kb free=4431Kb
 bounds [0x00000211e39f0000, 0x00000211e3c60000, 0x00000211e3f90000]
 total_blobs=2644 nmethods=1972 adapters=584
 compilation: enabled
              stopped_count=0, restarted_count=0
 full_count=0

Compilation events (20 events):
Event: 26.868 Thread 0x00000211f703c7d0 1991       2       java.awt.datatransfer.MimeType::getBaseType (14 bytes)
Event: 26.869 Thread 0x00000211f703c7d0 nmethod 1991 0x00000211dc826990 code [0x00000211dc826ba0, 0x00000211dc826fb8]
Event: 26.869 Thread 0x00000211f703c7d0 1992       2       java.nio.Buffer::limit (65 bytes)
Event: 26.869 Thread 0x00000211f703c7d0 nmethod 1992 0x00000211dc827410 code [0x00000211dc8275a0, 0x00000211dc827728]
Event: 26.872 Thread 0x00000211fe781020 nmethod 1955 0x00000211e403c510 code [0x00000211e403c6c0, 0x00000211e403cc78]
Event: 26.872 Thread 0x00000211fe781020 1953       4       java.util.HashMap::get (19 bytes)
Event: 26.872 Thread 0x00000211f703c7d0 1993   !   2       sun.nio.ch.FileChannelImpl::read (266 bytes)
Event: 26.873 Thread 0x00000211f703c7d0 nmethod 1993 0x00000211dc827810 code [0x00000211dc827a80, 0x00000211dc828208]
Event: 26.873 Thread 0x00000211f703c7d0 1994       2       sun.nio.ch.IOUtil::read (14 bytes)
Event: 26.873 Thread 0x00000211f703c7d0 nmethod 1994 0x00000211dc828890 code [0x00000211dc828a20, 0x00000211dc828b28]
Event: 26.874 Thread 0x00000211f703c7d0 1995       1       java.awt.event.KeyEvent::getKeyCode (5 bytes)
Event: 26.874 Thread 0x00000211f703c7d0 nmethod 1995 0x00000211e403cf90 code [0x00000211e403d120, 0x00000211e403d1f8]
Event: 26.874 Thread 0x00000211f703c7d0 1996       2       java.util.IdentityHashMap$KeyIterator::next (13 bytes)
Event: 26.875 Thread 0x00000211f703c7d0 nmethod 1996 0x00000211dc828c10 code [0x00000211dc828dc0, 0x00000211dc828f28]
Event: 26.875 Thread 0x00000211f703c7d0 1997       2       java.util.IdentityHashMap::unmaskNull (13 bytes)
Event: 26.876 Thread 0x00000211f703c7d0 nmethod 1997 0x00000211dc829010 code [0x00000211dc8291a0, 0x00000211dc829298]
Event: 26.877 Thread 0x00000211fe781020 nmethod 1953 0x00000211e403d290 code [0x00000211e403d440, 0x00000211e403d9f8]
Event: 26.877 Thread 0x00000211fe781020 1910       4       java.awt.datatransfer.MimeTypeParameterList::parse (425 bytes)
Event: 26.880 Thread 0x00000211f703c7d0 1998       2       sun.java2d.loops.ProcessPath$FillProcessHandler::processFixedLine (342 bytes)
Event: 26.881 Thread 0x00000211f703c7d0 nmethod 1998 0x00000211dc829310 code [0x00000211dc8295e0, 0x00000211dc829e88]

GC Heap History (2 events):
Event: 26.826 GC heap before
{Heap before GC invocations=0 (full 0):
 garbage-first heap   total 122880K, used 31744K [0x0000000089400000, 0x0000000100000000)
  region size 1024K, 23 young (23552K), 0 survivors (0K)
 Metaspace       used 19062K, committed 19264K, reserved 1114112K
  class space    used 1940K, committed 2048K, reserved 1048576K
}
Event: 26.832 GC heap after
{Heap after GC invocations=1 (full 0):
 garbage-first heap   total 122880K, used 12341K [0x0000000089400000, 0x0000000100000000)
  region size 1024K, 3 young (3072K), 3 survivors (3072K)
 Metaspace       used 19062K, committed 19264K, reserved 1114112K
  class space    used 1940K, committed 2048K, reserved 1048576K
}

Dll operation events (8 events):
Event: 0.006 Loaded shared library C:\Users\juani\.p2\pool\plugins\org.eclipse.justj.openjdk.hotspot.jre.full.win32.x86_64_17.0.8.v20230801-1951\jre\bin\java.dll
Event: 0.098 Loaded shared library C:\Users\juani\.p2\pool\plugins\org.eclipse.justj.openjdk.hotspot.jre.full.win32.x86_64_17.0.8.v20230801-1951\jre\bin\net.dll
Event: 0.100 Loaded shared library C:\Users\juani\.p2\pool\plugins\org.eclipse.justj.openjdk.hotspot.jre.full.win32.x86_64_17.0.8.v20230801-1951\jre\bin\nio.dll
Event: 0.151 Loaded shared library C:\Users\juani\.p2\pool\plugins\org.eclipse.justj.openjdk.hotspot.jre.full.win32.x86_64_17.0.8.v20230801-1951\jre\bin\zip.dll
Event: 0.158 Loaded shared library C:\Users\juani\.p2\pool\plugins\org.eclipse.justj.openjdk.hotspot.jre.full.win32.x86_64_17.0.8.v20230801-1951\jre\bin\jimage.dll
Event: 0.227 Loaded shared library C:\Users\juani\.p2\pool\plugins\org.eclipse.justj.openjdk.hotspot.jre.full.win32.x86_64_17.0.8.v20230801-1951\jre\bin\awt.dll
Event: 0.483 Loaded shared library C:\Users\juani\.p2\pool\plugins\org.eclipse.justj.openjdk.hotspot.jre.full.win32.x86_64_17.0.8.v20230801-1951\jre\bin\freetype.dll
Event: 0.484 Loaded shared library C:\Users\juani\.p2\pool\plugins\org.eclipse.justj.openjdk.hotspot.jre.full.win32.x86_64_17.0.8.v20230801-1951\jre\bin\fontmanager.dll

Deoptimization events (20 events):
Event: 26.781 Thread 0x00000211f78fdaa0 Uncommon trap: trap_request=0xffffffde fr.pc=0x00000211e4004c50 relative=0x00000000000006f0
Event: 26.781 Thread 0x00000211f78fdaa0 Uncommon trap: reason=class_check action=maybe_recompile pc=0x00000211e4004c50 method=java.util.HashSet.add(Ljava/lang/Object;)Z @ 8 c2
Event: 26.781 Thread 0x00000211f78fdaa0 DEOPT PACKING pc=0x00000211e4004c50 sp=0x0000007c50ffd2b0
Event: 26.781 Thread 0x00000211f78fdaa0 DEOPT UNPACKING pc=0x00000211e3a469a3 sp=0x0000007c50ffd290 mode 2
Event: 26.781 Thread 0x00000211f78fdaa0 Uncommon trap: trap_request=0xffffffde fr.pc=0x00000211e4004c50 relative=0x00000000000006f0
Event: 26.781 Thread 0x00000211f78fdaa0 Uncommon trap: reason=class_check action=maybe_recompile pc=0x00000211e4004c50 method=java.util.HashSet.add(Ljava/lang/Object;)Z @ 8 c2
Event: 26.781 Thread 0x00000211f78fdaa0 DEOPT PACKING pc=0x00000211e4004c50 sp=0x0000007c50ffd340
Event: 26.781 Thread 0x00000211f78fdaa0 DEOPT UNPACKING pc=0x00000211e3a469a3 sp=0x0000007c50ffd320 mode 2
Event: 26.787 Thread 0x00000211f78fdaa0 Uncommon trap: trap_request=0xffffff45 fr.pc=0x00000211e3fe51b8 relative=0x0000000000000298
Event: 26.787 Thread 0x00000211f78fdaa0 Uncommon trap: reason=unstable_if action=reinterpret pc=0x00000211e3fe51b8 method=java.util.HashMap.getNode(Ljava/lang/Object;)Ljava/util/HashMap$Node; @ 66 c2
Event: 26.787 Thread 0x00000211f78fdaa0 DEOPT PACKING pc=0x00000211e3fe51b8 sp=0x0000007c50ffd3d0
Event: 26.787 Thread 0x00000211f78fdaa0 DEOPT UNPACKING pc=0x00000211e3a469a3 sp=0x0000007c50ffd2e0 mode 2
Event: 26.788 Thread 0x00000211f78fdaa0 Uncommon trap: trap_request=0xffffff45 fr.pc=0x00000211e3fe57bc relative=0x000000000000019c
Event: 26.788 Thread 0x00000211f78fdaa0 Uncommon trap: reason=unstable_if action=reinterpret pc=0x00000211e3fe57bc method=java.util.HashMap.getNode(Ljava/lang/Object;)Ljava/util/HashMap$Node; @ 66 c2
Event: 26.788 Thread 0x00000211f78fdaa0 DEOPT PACKING pc=0x00000211e3fe57bc sp=0x0000007c50ffd380
Event: 26.788 Thread 0x00000211f78fdaa0 DEOPT UNPACKING pc=0x00000211e3a469a3 sp=0x0000007c50ffd300 mode 2
Event: 26.855 Thread 0x00000211f78fdaa0 Uncommon trap: trap_request=0xffffff45 fr.pc=0x00000211e3ffec58 relative=0x00000000000000d8
Event: 26.855 Thread 0x00000211f78fdaa0 Uncommon trap: reason=unstable_if action=reinterpret pc=0x00000211e3ffec58 method=java.lang.ref.SoftReference.get()Ljava/lang/Object; @ 17 c2
Event: 26.855 Thread 0x00000211f78fdaa0 DEOPT PACKING pc=0x00000211e3ffec58 sp=0x0000007c50ffc520
Event: 26.855 Thread 0x00000211f78fdaa0 DEOPT UNPACKING pc=0x00000211e3a469a3 sp=0x0000007c50ffc4d0 mode 2

Classes unloaded (0 events):
No events

Classes redefined (0 events):
No events

Internal exceptions (20 events):
Event: 0.220 Thread 0x00000211d8e06ba0 Exception <a 'java/lang/ClassNotFoundException'{0x00000000908d2968}: sun/awt/resources/spi/awtProvider> (0x00000000908d2968) 
thrown [s\src\hotspot\share\classfile\systemDictionary.cpp, line 256]
Event: 0.238 Thread 0x00000211d8e06ba0 Exception <a 'java/io/FileNotFoundException'{0x00000000907217e8}> (0x00000000907217e8) 
thrown [s\src\hotspot\share\prims\jni.cpp, line 516]
Event: 0.243 Thread 0x00000211d8e06ba0 Exception <a 'java/io/FileNotFoundException'{0x000000009074e700}> (0x000000009074e700) 
thrown [s\src\hotspot\share\prims\jni.cpp, line 516]
Event: 0.279 Thread 0x00000211d8e06ba0 Exception <a 'java/lang/NoSuchMethodError'{0x0000000090798b18}: 'java.lang.Object java.lang.invoke.DirectMethodHandle$Holder.invokeStaticInit(java.lang.Object)'> (0x0000000090798b18) 
thrown [s\src\hotspot\share\interpreter\linkResolver.cpp, line 759]
Event: 0.358 Thread 0x00000211d8e06ba0 Exception <a 'java/lang/NoSuchMethodError'{0x00000000907e2ef0}: 'void java.lang.invoke.DirectMethodHandle$Holder.invokeSpecial(java.lang.Object, java.lang.Object, java.lang.Object)'> (0x00000000907e2ef0) 
thrown [s\src\hotspot\share\interpreter\linkResolver.cpp, line 759]
Event: 0.366 Thread 0x00000211d8e06ba0 Exception <a 'java/lang/NoSuchMethodError'{0x0000000090621bb8}: 'java.lang.Object java.lang.invoke.DirectMethodHandle$Holder.newInvokeSpecial(java.lang.Object, java.lang.Object, java.lang.Object, java.lang.Object, java.lang.Object)'> (0x0000000090621bb8) 
thrown [s\src\hotspot\share\interpreter\linkResolver.cpp, line 759]
Event: 0.367 Thread 0x00000211d8e06ba0 Exception <a 'java/lang/NoSuchMethodError'{0x000000009062d580}: 'java.lang.Object java.lang.invoke.DirectMethodHandle$Holder.invokeStatic(java.lang.Object, int, java.lang.Object, java.lang.Object, java.lang.Object, java.lang.Object)'> (0x000000009062d580) 
thrown [s\src\hotspot\share\interpreter\linkResolver.cpp, line 759]
Event: 0.373 Thread 0x00000211d8e06ba0 Exception <a 'java/lang/NoSuchMethodError'{0x00000000906530b8}: 'java.lang.Object java.lang.invoke.DirectMethodHandle$Holder.invokeStatic(java.lang.Object, int, java.lang.Object)'> (0x00000000906530b8) 
thrown [s\src\hotspot\share\interpreter\linkResolver.cpp, line 759]
Event: 0.397 Thread 0x00000211d8e06ba0 Exception <a 'java/lang/ClassNotFoundException'{0x000000009050b048}: com/sun/swing/internal/plaf/metal/resources/spi/metalProvider> (0x000000009050b048) 
thrown [s\src\hotspot\share\classfile\systemDictionary.cpp, line 256]
Event: 0.398 Thread 0x00000211d8e06ba0 Exception <a 'java/lang/ClassNotFoundException'{0x000000009050eea0}: com/sun/swing/internal/plaf/basic/resources/spi/basicProvider> (0x000000009050eea0) 
thrown [s\src\hotspot\share\classfile\systemDictionary.cpp, line 256]
Event: 0.414 Thread 0x00000211d8e06ba0 Exception <a 'sun/nio/fs/WindowsException'{0x00000000905316c0}> (0x00000000905316c0) 
thrown [s\src\hotspot\share\prims\jni.cpp, line 516]
Event: 0.414 Thread 0x00000211d8e06ba0 Exception <a 'sun/nio/fs/WindowsException'{0x00000000905325b0}> (0x00000000905325b0) 
thrown [s\src\hotspot\share\prims\jni.cpp, line 516]
Event: 0.415 Thread 0x00000211d8e06ba0 Exception <a 'sun/nio/fs/WindowsException'{0x0000000090533448}> (0x0000000090533448) 
thrown [s\src\hotspot\share\prims\jni.cpp, line 516]
Event: 0.415 Thread 0x00000211d8e06ba0 Exception <a 'sun/nio/fs/WindowsException'{0x00000000905342f8}> (0x00000000905342f8) 
thrown [s\src\hotspot\share\prims\jni.cpp, line 516]
Event: 0.415 Thread 0x00000211d8e06ba0 Exception <a 'sun/nio/fs/WindowsException'{0x0000000090535188}> (0x0000000090535188) 
thrown [s\src\hotspot\share\prims\jni.cpp, line 516]
Event: 0.446 Thread 0x00000211d8e06ba0 Implicit null exception at 0x00000211e3fbd4be to 0x00000211e3fbde0d
Event: 0.565 Thread 0x00000211d8e06ba0 Exception <a 'java/lang/NoSuchMethodError'{0x00000000903d0c48}: 'void java.lang.invoke.DirectMethodHandle$Holder.invokeStaticInit(java.lang.Object)'> (0x00000000903d0c48) 
thrown [s\src\hotspot\share\interpreter\linkResolver.cpp, line 759]
Event: 0.575 Thread 0x00000211d8e06ba0 Exception <a 'sun/nio/fs/WindowsException'{0x0000000090212d10}> (0x0000000090212d10) 
thrown [s\src\hotspot\share\prims\jni.cpp, line 516]
Event: 3.686 Thread 0x00000211fe9c8b50 Exception <a 'java/lang/NoSuchMethodError'{0x000000008fdfa5d0}: 'java.lang.Object java.lang.invoke.DirectMethodHandle$Holder.newInvokeSpecial(java.lang.Object, java.lang.Object, java.lang.Object, int, int, int, int, int)'> (0x000000008fdfa5d0) 
thrown [s\src\hotspot\share\interpreter\linkResolver.cpp, line 759]
Event: 26.854 Thread 0x00000211f78fdaa0 Exception <a 'java/lang/NoSuchMethodError'{0x000000009070d7e8}: 'void java.lang.invoke.DirectMethodHandle$Holder.invokeSpecial(java.lang.Object, java.lang.Object, java.lang.Object, java.lang.Object, java.lang.Object)'> (0x000000009070d7e8) 
thrown [s\src\hotspot\share\interpreter\linkResolver.cpp, line 759]

VM Operations (20 events):
Event: 3.432 Executing VM operation: Cleanup
Event: 3.432 Executing VM operation: Cleanup done
Event: 3.726 Executing VM operation: HandshakeAllThreads
Event: 3.726 Executing VM operation: HandshakeAllThreads done
Event: 4.736 Executing VM operation: Cleanup
Event: 4.736 Executing VM operation: Cleanup done
Event: 5.748 Executing VM operation: Cleanup
Event: 5.748 Executing VM operation: Cleanup done
Event: 6.760 Executing VM operation: Cleanup
Event: 6.760 Executing VM operation: Cleanup done
Event: 7.770 Executing VM operation: Cleanup
Event: 7.770 Executing VM operation: Cleanup done
Event: 8.777 Executing VM operation: Cleanup
Event: 8.777 Executing VM operation: Cleanup done
Event: 10.794 Executing VM operation: Cleanup
Event: 10.794 Executing VM operation: Cleanup done
Event: 11.803 Executing VM operation: Cleanup
Event: 11.803 Executing VM operation: Cleanup done
Event: 26.826 Executing VM operation: G1CollectForAllocation
Event: 26.833 Executing VM operation: G1CollectForAllocation done

Events (20 events):
Event: 26.857 loading class sun/datatransfer/DataFlavorUtil$DataFlavorComparator
Event: 26.858 loading class sun/datatransfer/DataFlavorUtil$DataFlavorComparator done
Event: 26.858 loading class sun/datatransfer/DataFlavorUtil$RMI
Event: 26.858 loading class sun/datatransfer/DataFlavorUtil$RMI done
Event: 26.858 loading class java/rmi/Remote
Event: 26.858 loading class java/rmi/Remote done
Event: 26.858 loading class java/rmi/MarshalledObject
Event: 26.859 loading class java/rmi/MarshalledObject done
Event: 26.865 loading class sun/awt/datatransfer/DataTransferer$ReencodingInputStream
Event: 26.866 loading class sun/awt/datatransfer/DataTransferer$ReencodingInputStream done
Event: 26.866 loading class sun/nio/cs/UTF_16LE$Decoder
Event: 26.866 loading class sun/nio/cs/UTF_16LE$Decoder done
Event: 26.867 loading class sun/nio/cs/UTF_16$Encoder
Event: 26.867 loading class sun/nio/cs/UnicodeEncoder
Event: 26.867 loading class sun/nio/cs/UnicodeEncoder done
Event: 26.867 loading class sun/nio/cs/UTF_16$Encoder done
Event: 26.867 loading class sun/nio/cs/Surrogate$Parser
Event: 26.868 loading class sun/nio/cs/Surrogate$Parser done
Event: 26.868 loading class sun/nio/cs/Surrogate
Event: 26.868 loading class sun/nio/cs/Surrogate done


Dynamic libraries:
0x00007ff675c40000 - 0x00007ff675c4e000 	C:\Users\juani\.p2\pool\plugins\org.eclipse.justj.openjdk.hotspot.jre.full.win32.x86_64_17.0.8.v20230801-1951\jre\bin\javaw.exe
0x00007ffbbc8f0000 - 0x00007ffbbcb07000 	C:\WINDOWS\SYSTEM32\ntdll.dll
0x00007ffbbb850000 - 0x00007ffbbb914000 	C:\WINDOWS\System32\KERNEL32.DLL
0x00007ffbb9ed0000 - 0x00007ffbba276000 	C:\WINDOWS\System32\KERNELBASE.dll
0x00007ffbb9db0000 - 0x00007ffbb9ec1000 	C:\WINDOWS\System32\ucrtbase.dll
0x00007ffbb57a0000 - 0x00007ffbb57b7000 	C:\Users\juani\.p2\pool\plugins\org.eclipse.justj.openjdk.hotspot.jre.full.win32.x86_64_17.0.8.v20230801-1951\jre\bin\jli.dll
0x00007ffbafd80000 - 0x00007ffbafd99000 	C:\Users\juani\.p2\pool\plugins\org.eclipse.justj.openjdk.hotspot.jre.full.win32.x86_64_17.0.8.v20230801-1951\jre\bin\VCRUNTIME140.dll
0x00007ffbbaaf0000 - 0x00007ffbbac9d000 	C:\WINDOWS\System32\USER32.dll
0x00007ffbb9d80000 - 0x00007ffbb9da6000 	C:\WINDOWS\System32\win32u.dll
0x00007ffbab780000 - 0x00007ffbaba13000 	C:\WINDOWS\WinSxS\amd64_microsoft.windows.common-controls_6595b64144ccf1df_6.0.22621.2361_none_2712ced57382f843\COMCTL32.dll
0x00007ffbbad50000 - 0x00007ffbbad79000 	C:\WINDOWS\System32\GDI32.dll
0x00007ffbbad80000 - 0x00007ffbbae27000 	C:\WINDOWS\System32\msvcrt.dll
0x00007ffbba340000 - 0x00007ffbba458000 	C:\WINDOWS\System32\gdi32full.dll
0x00007ffbb9ce0000 - 0x00007ffbb9d7a000 	C:\WINDOWS\System32\msvcp_win.dll
0x00007ffbbbc30000 - 0x00007ffbbbc61000 	C:\WINDOWS\System32\IMM32.DLL
0x00007ffbb7830000 - 0x00007ffbb783c000 	C:\Users\juani\.p2\pool\plugins\org.eclipse.justj.openjdk.hotspot.jre.full.win32.x86_64_17.0.8.v20230801-1951\jre\bin\vcruntime140_1.dll
0x00007ffb91070000 - 0x00007ffb91101000 	C:\Users\juani\.p2\pool\plugins\org.eclipse.justj.openjdk.hotspot.jre.full.win32.x86_64_17.0.8.v20230801-1951\jre\bin\msvcp140.dll
0x00007ffb23700000 - 0x00007ffb2434c000 	C:\Users\juani\.p2\pool\plugins\org.eclipse.justj.openjdk.hotspot.jre.full.win32.x86_64_17.0.8.v20230801-1951\jre\bin\server\jvm.dll
0x00007ffbbc2a0000 - 0x00007ffbbc350000 	C:\WINDOWS\System32\ADVAPI32.dll
0x00007ffbbbb80000 - 0x00007ffbbbc26000 	C:\WINDOWS\System32\sechost.dll
0x00007ffbbb940000 - 0x00007ffbbba57000 	C:\WINDOWS\System32\RPCRT4.dll
0x00007ffbb94f0000 - 0x00007ffbb953d000 	C:\WINDOWS\SYSTEM32\POWRPROF.dll
0x00007ffbad780000 - 0x00007ffbad789000 	C:\WINDOWS\SYSTEM32\WSOCK32.dll
0x00007ffbbba60000 - 0x00007ffbbbad1000 	C:\WINDOWS\System32\WS2_32.dll
0x00007ffbaf160000 - 0x00007ffbaf16a000 	C:\WINDOWS\SYSTEM32\VERSION.dll
0x00007ffbb18c0000 - 0x00007ffbb18f4000 	C:\WINDOWS\SYSTEM32\WINMM.dll
0x00007ffbb94d0000 - 0x00007ffbb94e3000 	C:\WINDOWS\SYSTEM32\UMPDC.dll
0x00007ffbb8c80000 - 0x00007ffbb8c98000 	C:\WINDOWS\SYSTEM32\kernel.appcore.dll
0x00007ffbafdf0000 - 0x00007ffbafdfa000 	C:\Users\juani\.p2\pool\plugins\org.eclipse.justj.openjdk.hotspot.jre.full.win32.x86_64_17.0.8.v20230801-1951\jre\bin\jimage.dll
0x00007ffbb7410000 - 0x00007ffbb763e000 	C:\WINDOWS\SYSTEM32\DBGHELP.DLL
0x00007ffbbbf10000 - 0x00007ffbbc29a000 	C:\WINDOWS\System32\combase.dll
0x00007ffbba850000 - 0x00007ffbba927000 	C:\WINDOWS\System32\OLEAUT32.dll
0x00007ffbb0410000 - 0x00007ffbb0442000 	C:\WINDOWS\SYSTEM32\dbgcore.DLL
0x00007ffbba460000 - 0x00007ffbba4da000 	C:\WINDOWS\System32\bcryptPrimitives.dll
0x00007ffbaabc0000 - 0x00007ffbaabe5000 	C:\Users\juani\.p2\pool\plugins\org.eclipse.justj.openjdk.hotspot.jre.full.win32.x86_64_17.0.8.v20230801-1951\jre\bin\java.dll
0x00007ffbabc80000 - 0x00007ffbabc98000 	C:\Users\juani\.p2\pool\plugins\org.eclipse.justj.openjdk.hotspot.jre.full.win32.x86_64_17.0.8.v20230801-1951\jre\bin\zip.dll
0x00007ffbbae30000 - 0x00007ffbbb688000 	C:\WINDOWS\System32\SHELL32.dll
0x00007ffbb7b80000 - 0x00007ffbb8472000 	C:\WINDOWS\SYSTEM32\windows.storage.dll
0x00007ffbb7a40000 - 0x00007ffbb7b7e000 	C:\WINDOWS\SYSTEM32\wintypes.dll
0x00007ffbba750000 - 0x00007ffbba843000 	C:\WINDOWS\System32\SHCORE.dll
0x00007ffbbc3b0000 - 0x00007ffbbc40e000 	C:\WINDOWS\System32\shlwapi.dll
0x00007ffbb9ba0000 - 0x00007ffbb9bc6000 	C:\WINDOWS\SYSTEM32\profapi.dll
0x00007ffba6780000 - 0x00007ffba6799000 	C:\Users\juani\.p2\pool\plugins\org.eclipse.justj.openjdk.hotspot.jre.full.win32.x86_64_17.0.8.v20230801-1951\jre\bin\net.dll
0x00007ffbb51e0000 - 0x00007ffbb5317000 	C:\WINDOWS\SYSTEM32\WINHTTP.dll
0x00007ffbb91a0000 - 0x00007ffbb9209000 	C:\WINDOWS\system32\mswsock.dll
0x00007ffba66f0000 - 0x00007ffba6705000 	C:\Users\juani\.p2\pool\plugins\org.eclipse.justj.openjdk.hotspot.jre.full.win32.x86_64_17.0.8.v20230801-1951\jre\bin\nio.dll
0x00007ffb8ab10000 - 0x00007ffb8ac9e000 	C:\Users\juani\.p2\pool\plugins\org.eclipse.justj.openjdk.hotspot.jre.full.win32.x86_64_17.0.8.v20230801-1951\jre\bin\awt.dll
0x00007ffbb4270000 - 0x00007ffbb4307000 	C:\WINDOWS\SYSTEM32\apphelp.dll
0x00007ffbb6fb0000 - 0x00007ffbb6fdb000 	C:\WINDOWS\system32\DWMAPI.DLL
0x00007ffbb6c60000 - 0x00007ffbb6d0b000 	C:\WINDOWS\system32\uxtheme.dll
0x00007ffb7cd90000 - 0x00007ffb7ce90000 	C:\WINDOWS\system32\opengl32.dll
0x00007ffb83d70000 - 0x00007ffb83d9d000 	C:\WINDOWS\SYSTEM32\GLU32.dll
0x00007ffbb6d70000 - 0x00007ffbb6da6000 	C:\WINDOWS\SYSTEM32\dxcore.dll
0x00007ffbbb690000 - 0x00007ffbbb7dc000 	C:\WINDOWS\System32\MSCTF.dll
0x00007ffbbbd70000 - 0x00007ffbbbf0f000 	C:\WINDOWS\System32\ole32.dll
0x00007ffb79ca0000 - 0x00007ffb79e49000 	C:\WINDOWS\system32\d3d9.dll
0x00007ffba3f40000 - 0x00007ffba40fb000 	C:\WINDOWS\System32\DriverStore\FileRepository\u0388603.inf_amd64_240ee6c11b16ac65\B388510\aticfx64.dll
0x00007ffbb7360000 - 0x00007ffbb7394000 	C:\WINDOWS\System32\DriverStore\FileRepository\u0388603.inf_amd64_240ee6c11b16ac65\B388510\atiu9p64.dll
0x00007ffb66b20000 - 0x00007ffb67875000 	C:\WINDOWS\System32\DriverStore\FileRepository\u0388603.inf_amd64_240ee6c11b16ac65\B388510\atiumd64.dll
0x000000005ffd0000 - 0x0000000060ef7000 	C:\WINDOWS\System32\DriverStore\FileRepository\u0388603.inf_amd64_240ee6c11b16ac65\B388510\atiumd6a.dll
0x00007ffbbc420000 - 0x00007ffbbc894000 	C:\WINDOWS\System32\SETUPAPI.dll
0x00007ffbb2c00000 - 0x00007ffbb2c35000 	C:\WINDOWS\SYSTEM32\amdihk64.dll
0x00007ffbade50000 - 0x00007ffbade9a000 	C:\WINDOWS\SYSTEM32\directxdatabasehelper.dll
0x00007ffba3630000 - 0x00007ffba36b6000 	C:\Users\juani\.p2\pool\plugins\org.eclipse.justj.openjdk.hotspot.jre.full.win32.x86_64_17.0.8.v20230801-1951\jre\bin\freetype.dll
0x00007ffb8eaf0000 - 0x00007ffb8ebc3000 	C:\Users\juani\.p2\pool\plugins\org.eclipse.justj.openjdk.hotspot.jre.full.win32.x86_64_17.0.8.v20230801-1951\jre\bin\fontmanager.dll
0x00007ffbba6a0000 - 0x00007ffbba750000 	C:\WINDOWS\System32\clbcatq.dll
0x00007ffbb69b0000 - 0x00007ffbb6b60000 	C:\WINDOWS\SYSTEM32\WindowsCodecs.dll
0x00007ffbab0d0000 - 0x00007ffbab12e000 	C:\WINDOWS\system32\dataexchange.dll
0x00007ffba60b0000 - 0x00007ffba6335000 	C:\WINDOWS\system32\twinapi.appcore.dll
0x00007ffb9f950000 - 0x00007ffb9fa9a000 	C:\WINDOWS\SYSTEM32\textinputframework.dll
0x00007ffbb4000000 - 0x00007ffbb4133000 	C:\WINDOWS\SYSTEM32\CoreMessaging.dll
0x00007ffba38d0000 - 0x00007ffba3c3c000 	C:\WINDOWS\SYSTEM32\CoreUIComponents.dll
0x00007ffbb9410000 - 0x00007ffbb941c000 	C:\WINDOWS\SYSTEM32\CRYPTBASE.DLL

dbghelp: loaded successfully - version: 4.0.5 - missing functions: none
symbol engine: initialized successfully - sym options: 0x614 - pdb path: .;C:\Users\juani\.p2\pool\plugins\org.eclipse.justj.openjdk.hotspot.jre.full.win32.x86_64_17.0.8.v20230801-1951\jre\bin;C:\WINDOWS\SYSTEM32;C:\WINDOWS\WinSxS\amd64_microsoft.windows.common-controls_6595b64144ccf1df_6.0.22621.2361_none_2712ced57382f843;C:\Users\juani\.p2\pool\plugins\org.eclipse.justj.openjdk.hotspot.jre.full.win32.x86_64_17.0.8.v20230801-1951\jre\bin\server;C:\WINDOWS\System32\DriverStore\FileRepository\u0388603.inf_amd64_240ee6c11b16ac65\B388510

VM Arguments:
jvm_args: -Dfile.encoding=UTF-8 --module-path=C:\Users\juani\git\Project 2\bin -XX:+ShowCodeDetailsInExceptionMessages -Djdk.module.main=Project1 
java_command: Project1/consola.EmpresaAlquilerVehiculos
java_class_path (initial): <not set>
Launcher Type: SUN_STANDARD

[Global flags]
     intx CICompilerCount                          = 4                                         {product} {ergonomic}
     uint ConcGCThreads                            = 3                                         {product} {ergonomic}
     uint G1ConcRefinementThreads                  = 10                                        {product} {ergonomic}
   size_t G1HeapRegionSize                         = 1048576                                   {product} {ergonomic}
    uintx GCDrainStackTargetSize                   = 64                                        {product} {ergonomic}
   size_t InitialHeapSize                          = 125829120                                 {product} {ergonomic}
   size_t MarkStackSize                            = 4194304                                   {product} {ergonomic}
   size_t MaxHeapSize                              = 1992294400                                {product} {ergonomic}
   size_t MaxNewSize                               = 1195376640                                {product} {ergonomic}
   size_t MinHeapDeltaBytes                        = 1048576                                   {product} {ergonomic}
   size_t MinHeapSize                              = 8388608                                   {product} {ergonomic}
    uintx NonNMethodCodeHeapSize                   = 5839372                                {pd product} {ergonomic}
    uintx NonProfiledCodeHeapSize                  = 122909434                              {pd product} {ergonomic}
    uintx ProfiledCodeHeapSize                     = 122909434                              {pd product} {ergonomic}
    uintx ReservedCodeCacheSize                    = 251658240                              {pd product} {ergonomic}
     bool SegmentedCodeCache                       = true                                      {product} {ergonomic}
     bool ShowCodeDetailsInExceptionMessages       = true                                   {manageable} {command line}
   size_t SoftMaxHeapSize                          = 1992294400                             {manageable} {ergonomic}
     bool UseCompressedClassPointers               = true                           {product lp64_product} {ergonomic}
     bool UseCompressedOops                        = true                           {product lp64_product} {ergonomic}
     bool UseG1GC                                  = true                                      {product} {ergonomic}
     bool UseLargePagesIndividualAllocation        = false                                  {pd product} {ergonomic}

Logging:
Log output configuration:
 #0: stdout all=warning uptime,level,tags
 #1: stderr all=off uptime,level,tags

Environment Variables:
PATH=C:/Users/juani/.p2/pool/plugins/org.eclipse.justj.openjdk.hotspot.jre.full.win32.x86_64_17.0.8.v20230801-1951/jre/bin/server;C:/Users/juani/.p2/pool/plugins/org.eclipse.justj.openjdk.hotspot.jre.full.win32.x86_64_17.0.8.v20230801-1951/jre/bin;C:\Program Files (x86)\Common Files\Oracle\Java\javapath;C:\Program Files\Eclipse Adoptium\jdk-17.0.8.101-hotspot\bin;C:\WINDOWS\system32;C:\WINDOWS;C:\WINDOWS\System32\Wbem;C:\WINDOWS\System32\WindowsPowerShell\v1.0\;C:\WINDOWS\System32\OpenSSH\;C:\Program Files\Git\cmd;C:\Users\juani\AppData\Local\Programs\Python\Python37\Scripts\;C:\Users\juani\AppData\Local\Programs\Python\Python37\;C:\Users\juani\AppData\Local\Microsoft\WindowsApps;C:\Users\juani\AppData\Local\Programs\Microsoft VS Code\bin;C:\WINDOWS\System32;
USERNAME=juani
OS=Windows_NT
PROCESSOR_IDENTIFIER=AMD64 Family 23 Model 96 Stepping 1, AuthenticAMD
TMP=C:\Users\juani\AppData\Local\Temp
TEMP=C:\Users\juani\AppData\Local\Temp



---------------  S Y S T E M  ---------------

OS:
 Windows 11 , 64 bit Build 22621 (10.0.22621.2428)
OS uptime: 20 days 15:19 hours
Hyper-V role detected

CPU: total 12 (initial active 12) (12 cores per cpu, 2 threads per core) family 23 model 96 stepping 1 microcode 0x0, cx8, cmov, fxsr, ht, mmx, 3dnowpref, sse, sse2, sse3, ssse3, sse4a, sse4.1, sse4.2, popcnt, lzcnt, tsc, tscinvbit, avx, avx2, aes, clmul, bmi1, bmi2, adx, sha, fma, vzeroupper, clflush, clflushopt, hv
Processor Information for all 12 processors :
  Max Mhz: 3001, Current Mhz: 3001, Mhz Limit: 3001

Memory: 4k page, system-wide physical 7599M (687M free)
TotalPageFile size 31151M (AvailPageFile size 26M)
current process WorkingSet (physical memory assigned to process): 163M, peak: 165M
current process commit charge ("private bytes"): 308M, peak: 312M

vm_info: OpenJDK 64-Bit Server VM (17.0.8+7) for windows-amd64 JRE (17.0.8+7), built on Jul 18 2023 21:02:32 by "admin" with MS VC++ 16.7 (VS2019)

END.
